UG to STEP
! INFO-     NX STEP AP214 - V2406.4001
! INFO-      
! INFO-     Start of Translation: 15-MAY-2025  5:54:56 PM
! INFO-      
! STATUS-   Converting Part: C:\Users\daand\OneDrive - UGent\2024-2025\project gebruiksgericht ontwerp\FlowGuard\NX\assembly hub.prt
! SUMMARY-   
! SUMMARY-  Summary of Unigraphics Part Entities
! SUMMARY-  For Part: C:\Users\daand\OneDrive - UGent\2024-2025\project gebruiksgericht ontwerp\FlowGuard\NX\assembly hub.prt 
! SUMMARY-  Entities Processed             Count
! SUMMARY-  ------------------             -----
! SUMMARY-  Part Attribute ..............:     1
! SUMMARY-  Font ........................:     1
! SUMMARY-  Color Table .................:     2
! SUMMARY-  Coordinate System ...........:     2
! SUMMARY-  Parameter ...................:     1
! SUMMARY-  Matrix ......................:     1
! SUMMARY-  Component ...................:     2
! SUMMARY-                                 -----
! SUMMARY-  Total                             10
! SUMMARY-   
! SUMMARY-  Summary of Unigraphics Part Entities
! SUMMARY-  For Part: draaiknop.prt 
! SUMMARY-  Entities Processed             Count
! SUMMARY-  ------------------             -----
! SUMMARY-  Part Attribute ..............:     1
! SUMMARY-  Font ........................:     1
! SUMMARY-  Color Table .................:     2
! SUMMARY-  Coordinate System ...........:     2
! SUMMARY-  Parameter ...................:     1
! SUMMARY-  Matrix ......................:     1
! SUMMARY-  Reference Set ...............:     1
! SUMMARY-  Solid/Sheet .................:
! SUMMARY-     Body .....................:     2
! SUMMARY-                                 -----
! SUMMARY-  Total                             11
! SUMMARY-   
! SUMMARY-  Summary of Unigraphics Part Entities
! SUMMARY-  For Part: hub.prt 
! SUMMARY-  Entities Processed             Count
! SUMMARY-  ------------------             -----
! SUMMARY-  Part Attribute ..............:     1
! SUMMARY-  Font ........................:     1
! SUMMARY-  Color Table .................:     2
! SUMMARY-  Coordinate System ...........:     2
! SUMMARY-  Parameter ...................:     1
! SUMMARY-  Matrix ......................:     1
! SUMMARY-  Reference Set ...............:     1
! SUMMARY-  Solid/Sheet .................:
! SUMMARY-     Body .....................:     5
! SUMMARY-                                 -----
! SUMMARY-  Total                             14
! STATUS-    
! STATUS-   Converting to Output Form (Phase 2 of 3): 15-MAY-2025 5:54:56 PM
! STATUS-    
! STATUS-    
! STATUS-   Generating UG geometry and placing them in parts
! STATUS-    
! SUMMARY-   
! SUMMARY-    STEP Header Information
! SUMMARY-   
! SUMMARY-  Description      Unknown
! SUMMARY-  Imp_Level        1
! SUMMARY-  File_Name        assembly hub.stp
! SUMMARY-  Date             2025-05-15T17:54:56+02:00
! SUMMARY-  Author           Unknown
! SUMMARY-  Organization     Unknown
! SUMMARY-  Pre_Version      ST-DEVELOPER v20
! SUMMARY-  Orig_System      SIEMENS PLM Software NX2406.4001
! SUMMARY-  Authorization    Unknown
! SUMMARY-  Schema_ID        step_merged_ap_schema
! SUMMARY-   
! SUMMARY-    Summary of STEP Entities
! SUMMARY-   
! SUMMARY-  Entity Type                                                   Count
! SUMMARY-  -----------                                                   ------
! SUMMARY-  advanced_face ..............................................:    132
! SUMMARY-  application_context ........................................:      1
! SUMMARY-  axis2_placement_3d .........................................:    133
! SUMMARY-  b_spline_curve_with_knots ..................................:    110
! SUMMARY-  b_spline_surface_with_knots ................................:     20
! SUMMARY-  b_spline_surface_with_knots_and_rational_b_spline_surface ..:     30
! SUMMARY-  cartesian_point ............................................:   4459
! SUMMARY-  circle .....................................................:     47
! SUMMARY-  closed_shell ...............................................:      7
! SUMMARY-  conical_surface ............................................:      1
! SUMMARY-  context_dependent_shape_representation .....................:      2
! SUMMARY-  conversion_based_unit_and_plane_angle_unit .................:      3
! SUMMARY-  cylindrical_surface ........................................:     26
! SUMMARY-  dimensional_exponents ......................................:      3
! SUMMARY-  direction ..................................................:    373
! SUMMARY-  edge_curve .................................................:    265
! SUMMARY-  edge_loop ..................................................:    174
! SUMMARY-  ellipse ....................................................:      1
! SUMMARY-  face_bound .................................................:     69
! SUMMARY-  face_outer_bound ...........................................:    105
! SUMMARY-  geometric_representation_context_and_global_uncertainty_a ..:      3
! SUMMARY-  item_defined_transformation ................................:      2
! SUMMARY-  length_unit_and_si_unit ....................................:      3
! SUMMARY-  line .......................................................:    107
! SUMMARY-  manifold_solid_brep ........................................:      7
! SUMMARY-  next_assembly_usage_occurrence .............................:      2
! SUMMARY-  oriented_edge ..............................................:    530
! SUMMARY-  plane ......................................................:     55
! SUMMARY-  plane_angle_measure_with_unit ..............................:      3
! SUMMARY-  plane_angle_unit_and_si_unit ...............................:      3
! SUMMARY-  product ....................................................:      3
! SUMMARY-  product_context ............................................:      3
! SUMMARY-  product_definition .........................................:      3
! SUMMARY-  product_definition_context .................................:      3
! SUMMARY-  product_definition_formation_with_specified_source .........:      3
! SUMMARY-  product_definition_shape ...................................:      5
! SUMMARY-  product_related_product_category ...........................:      3
! SUMMARY-  representation_relationship_with_transformation_and_shape ..:      2
! SUMMARY-  shape_representation .......................................:      3
! SUMMARY-  si_unit_and_solid_angle_unit ...............................:      3
! SUMMARY-  uncertainty_measure_with_unit ..............................:      3
! SUMMARY-  vector .....................................................:    107
! SUMMARY-  vertex_point ...............................................:    179
! SUMMARY-                                                               -------
! SUMMARY-  Total                                                           6996
! INFO-     Bspline aprx. value in effect for this translation :0.025400 millimeter
! INFO-      
! INFO-     Total number of solids input for this translation  :       7
! INFO-      
! INFO-     Number of solids processed without problems        :       7
! INFO-      
! INFO-     Number of solids with problems output as sheets    :       0
! INFO-      
! INFO-     Number of solids not processed                     :       0
! INFO-      
! INFO-     End of Translation: 15-MAY-2025  5:54:57 PM
! INFO-      
