
Unigraphics NX2406.4001 / 2D Exchange

Reading part: C:\Users\jaspd\OneDrive - UGent\IO\2024-25\Semester 2\GGO project\Github\FlowGuard\NX\onderkant.prt


Writing part: C:\Users\jaspd\AppData\Local\Temp\jaspc5uor80_zi_6p.prt

Elapsed time   :    0 minutes,  1 seconds
Actual CPU Time:    0 minutes,  1 seconds

INFO-
INFO-		Unigraphics Version NX2406.4001 to AutoCAD 2004
INFO-		
INFO-
INFO-		Running UGTODXF Translator .....
INFO-
INFO-		Start of Translation: Thu May  8 11:06:57 2025
INFO-
STATUS-		Converting C:\Users\jaspd\AppData\Local\Temp\jaspc5uor80_zi_6p.prt
STATUS-
SUMMARY-
SUMMARY-	Summary of Unigraphics Input Entities
SUMMARY-	For Unigraphics File: C:\Users\jaspd\AppData\Local\Temp\jaspc5uor80_zi_6p.prt
SUMMARY-	------------------------------------------------------------------
SUMMARY-	Entity Type					Count
SUMMARY-	------------------------------------------------------------------
SUMMARY-	Line .....................................:	3
SUMMARY-	Point ....................................:	1
SUMMARY-	Arc ......................................:	1
SUMMARY-	------------------------------------------------------------------
SUMMARY-	Total ....................................:	5
SUMMARY-	------------------------------------------------------------------
SUMMARY-
STATUS-
INFO-
INFO-		Writing File: C:\Users\jaspd\OneDrive - UGent\IO\2024-25\Semester 2\GGO project\Github\FlowGuard\NX\onderkant.dxf
SUMMARY-	Summary of AutoCAD Output Entities
SUMMARY-	------------------------------------------------------------------
SUMMARY-	Entity Type					Count
SUMMARY-	------------------------------------------------------------------
SUMMARY-	Arc ......................................:	1
SUMMARY-	Point ....................................:	1
SUMMARY-	Line .....................................:	3
SUMMARY-	Layout ...................................:	6
SUMMARY-	------------------------------------------------------------------
SUMMARY-	Total ....................................:	11
SUMMARY-	------------------------------------------------------------------
SUMMARY-
INFO-
INFO-		End of Translation: Thu May  8 11:06:58 2025
INFO-		Translation CPU time: 0 m, 1 sINFO-
